<?xml version="1.0" encoding="UTF-8"?>
<testsuite xmlns:xsi="http://www.w3.org/2001/XMLSchema-instance" xsi:noNamespaceSchemaLocation="https://maven.apache.org/surefire/maven-surefire-plugin/xsd/surefire-test-report-3.0.xsd" version="3.0" name="ru.prokhor.lab_5.Lab5ApplicationTests" time="76.116" tests="1" errors="0" skipped="0" failures="0">
  <properties>
[...]
</properties>
  <testcase name="contextLoads" classname="ru.prokhor.lab_5.Lab5ApplicationTests" time="5.169">
    <system-out><![CDATA[2024-12-26 17:43:08 [main] INFO  o.s.t.c.s.AnnotationConfigContextLoaderUtils - Could not detect default configuration classes for test class [ru.prokhor.lab_5.Lab5ApplicationTests]: Lab5ApplicationTests does not declare any static, non-private, non-final, nested classes annotated with @Configuration.
2024-12-26 17:43:10 [main] INFO  o.s.b.t.c.SpringBootTestContextBootstrapper - Found @SpringBootConfiguration ru.prokhor.lab_5.Lab5Application for test class ru.prokhor.lab_5.Lab5ApplicationTests

  .   ____          _            __ _ _
 /\\ / ___'_ __ _ _(_)_ __  __ _ \ \ \ \
( ( )\___ | '_ | '_| | '_ \/ _` | \ \ \ \
 \\/  ___)| |_)| | | | | || (_| |  ) ) ) )
  '  |____| .__|_| |_|_| |_\__, | / / / /
 =========|_|==============|___/=/_/_/_/

 :: Spring Boot ::                (v3.3.5)

2024-12-26 17:43:16 [main] INFO  r.prokhor.lab_5.Lab5ApplicationTests - Starting Lab5ApplicationTests using Java 23 with PID 3788 (started by Arsik in C:\Users\Arsik\Desktop\Java\Lab_6i)
2024-12-26 17:43:16 [main] DEBUG r.prokhor.lab_5.Lab5ApplicationTests - Running with Spring Boot v3.3.5, Spring v6.1.14
2024-12-26 17:43:16 [main] INFO  r.prokhor.lab_5.Lab5ApplicationTests - No active profile set, falling back to 1 default profile: "default"
2024-12-26 17:43:30 [main] INFO  o.s.d.r.c.RepositoryConfigurationDelegate - Bootstrapping Spring Data JPA repositories in DEFAULT mode.
2024-12-26 17:43:31 [main] INFO  o.s.d.r.c.RepositoryConfigurationDelegate - Finished Spring Data repository scanning in 607 ms. Found 1 JPA repository interface.
2024-12-26 17:43:41 [main] INFO  o.h.jpa.internal.util.LogHelper - HHH000204: Processing PersistenceUnitInfo [name: default]
2024-12-26 17:43:43 [main] INFO  org.hibernate.Version - HHH000412: Hibernate ORM core version 6.5.3.Final
2024-12-26 17:43:44 [main] INFO  o.h.c.i.RegionFactoryInitiator - HHH000026: Second-level cache disabled
2024-12-26 17:43:49 [main] INFO  o.s.o.j.p.SpringPersistenceUnitInfo - No LoadTimeWeaver setup: ignoring JPA class transformer
2024-12-26 17:43:49 [main] INFO  com.zaxxer.hikari.HikariDataSource - HikariPool-1 - Starting...
2024-12-26 17:43:50 [main] INFO  com.zaxxer.hikari.pool.PoolBase - HikariPool-1 - Driver does not support get/set network timeout for connections. (feature not supported)
2024-12-26 17:43:50 [main] INFO  com.zaxxer.hikari.pool.HikariPool - HikariPool-1 - Added connection org.hsqldb.jdbc.JDBCConnection@6d0a14c2
2024-12-26 17:43:50 [main] INFO  com.zaxxer.hikari.HikariDataSource - HikariPool-1 - Start completed.
2024-12-26 17:43:57 [main] INFO  o.h.e.t.j.p.i.JtaPlatformInitiator - HHH000489: No JTA platform available (set 'hibernate.transaction.jta.platform' to enable JTA platform integration)
2024-12-26 17:43:58 [main] DEBUG org.hibernate.SQL - create table jeans (id bigint not null, brand varchar(255), color varchar(255), model varchar(255), primary key (id))
2024-12-26 17:43:58 [main] DEBUG org.hibernate.SQL - create sequence jeans_seq start with 1 increment by 50
2024-12-26 17:43:58 [main] INFO  o.s.o.j.LocalContainerEntityManagerFactoryBean - Initialized JPA EntityManagerFactory for persistence unit 'default'
2024-12-26 17:44:00 [main] DEBUG org.hibernate.SQL - call next value for jeans_seq
2024-12-26 17:44:01 [main] DEBUG org.hibernate.SQL - insert into jeans (brand,color,model,id) values (?,?,?,?)
2024-12-26 17:44:02 [main] WARN  o.s.b.a.o.j.JpaBaseConfiguration$JpaWebConfiguration - spring.jpa.open-in-view is enabled by default. Therefore, database queries may be performed during view rendering. Explicitly configure spring.jpa.open-in-view to disable this warning
2024-12-26 17:44:09 [main] INFO  o.s.b.a.e.web.EndpointLinksResolver - Exposing 3 endpoints beneath base path '/actuator'
2024-12-26 17:44:09 [main] INFO  r.prokhor.lab_5.Lab5ApplicationTests - Started Lab5ApplicationTests in 56.706 seconds (process running for 73.035)
]]></system-out>
    <system-err><![CDATA[WARNING: A Java agent has been loaded dynamically (C:\Users\Arsik\.m2\repository\net\bytebuddy\byte-buddy-agent\1.14.19\byte-buddy-agent-1.14.19.jar)
WARNING: If a serviceability tool is in use, please run with -XX:+EnableDynamicAgentLoading to hide this warning
WARNING: If a serviceability tool is not in use, please run with -Djdk.instrument.traceUsage for more information
WARNING: Dynamic loading of agents will be disallowed by default in a future release
]]></system-err>
  </testcase>
</testsuite>